{"C:\\node-js\\2025-nodejs-pr\\pr-7\\task\\src\\server.ts": {"path":"C:\\node-js\\2025-nodejs-pr\\pr-7\\task\\src\\server.ts","statementMap":{"0":{"start":{"line":1,"column":0},"end":{"line":1,"column":26}},"1":{"start":{"line":2,"column":0},"end":{"line":2,"column":67}},"2":{"start":{"line":3,"column":0},"end":{"line":3,"column":38}},"3":{"start":{"line":4,"column":0},"end":{"line":4,"column":36}},"4":{"start":{"line":5,"column":0},"end":{"line":5,"column":43}},"5":{"start":{"line":6,"column":0},"end":{"line":6,"column":62}},"6":{"start":{"line":7,"column":0},"end":{"line":7,"column":45}},"7":{"start":{"line":8,"column":0},"end":{"line":8,"column":61}},"8":{"start":{"line":9,"column":0},"end":{"line":9,"column":61}},"9":{"start":{"line":10,"column":0},"end":{"line":10,"column":28}},"10":{"start":{"line":11,"column":0},"end":{"line":11,"column":43}},"11":{"start":{"line":12,"column":0},"end":{"line":12,"column":41}},"12":{"start":{"line":13,"column":0},"end":{"line":13,"column":52}},"13":{"start":{"line":14,"column":0},"end":{"line":14,"column":58}},"14":{"start":{"line":17,"column":0},"end":{"line":17,"column":16}},"15":{"start":{"line":19,"column":12},"end":{"line":19,"column":21}},"16":{"start":{"line":413,"column":9},"end":{"line":413,"column":12}},"17":{"start":{"line":20,"column":0},"end":{"line":20,"column":24}},"18":{"start":{"line":21,"column":0},"end":{"line":21,"column":23}},"19":{"start":{"line":25,"column":22},"end":{"line":25,"column":44}},"20":{"start":{"line":27,"column":0},"end":{"line":27,"column":32}},"21":{"start":{"line":30,"column":0},"end":{"line":38,"column":2}},"22":{"start":{"line":36,"column":6},"end":{"line":36,"column":40}},"23":{"start":{"line":41,"column":0},"end":{"line":44,"column":3}},"24":{"start":{"line":42,"column":2},"end":{"line":42,"column":47}},"25":{"start":{"line":43,"column":2},"end":{"line":43,"column":9}},"26":{"start":{"line":47,"column":23},"end":{"line":73,"column":2}},"27":{"start":{"line":75,"column":20},"end":{"line":75,"column":48}},"28":{"start":{"line":76,"column":0},"end":{"line":76,"column":68}},"29":{"start":{"line":78,"column":13},"end":{"line":78,"column":45}},"30":{"start":{"line":81,"column":0},"end":{"line":81,"column":12}},"31":{"start":{"line":92,"column":0},"end":{"line":95,"column":3}},"32":{"start":{"line":92,"column":64},"end":{"line":95,"column":2}},"33":{"start":{"line":93,"column":19},"end":{"line":93,"column":42}},"34":{"start":{"line":94,"column":2},"end":{"line":94,"column":21}},"35":{"start":{"line":114,"column":0},"end":{"line":118,"column":3}},"36":{"start":{"line":114,"column":67},"end":{"line":118,"column":2}},"37":{"start":{"line":115,"column":18},"end":{"line":115,"column":55}},"38":{"start":{"line":116,"column":2},"end":{"line":116,"column":76}},"39":{"start":{"line":116,"column":16},"end":{"line":116,"column":76}},"40":{"start":{"line":117,"column":2},"end":{"line":117,"column":20}},"41":{"start":{"line":141,"column":0},"end":{"line":154,"column":3}},"42":{"start":{"line":141,"column":64},"end":{"line":154,"column":2}},"43":{"start":{"line":142,"column":2},"end":{"line":153,"column":3}},"44":{"start":{"line":143,"column":22},"end":{"line":143,"column":54}},"45":{"start":{"line":144,"column":4},"end":{"line":147,"column":5}},"46":{"start":{"line":145,"column":6},"end":{"line":145,"column":79}},"47":{"start":{"line":146,"column":6},"end":{"line":146,"column":71}},"48":{"start":{"line":148,"column":20},"end":{"line":148,"column":50}},"49":{"start":{"line":149,"column":4},"end":{"line":149,"column":22}},"50":{"start":{"line":151,"column":4},"end":{"line":151,"column":53}},"51":{"start":{"line":152,"column":4},"end":{"line":152,"column":49}},"52":{"start":{"line":184,"column":0},"end":{"line":196,"column":3}},"53":{"start":{"line":184,"column":67},"end":{"line":196,"column":2}},"54":{"start":{"line":185,"column":18},"end":{"line":185,"column":55}},"55":{"start":{"line":186,"column":2},"end":{"line":186,"column":76}},"56":{"start":{"line":186,"column":16},"end":{"line":186,"column":76}},"57":{"start":{"line":188,"column":20},"end":{"line":188,"column":52}},"58":{"start":{"line":189,"column":2},"end":{"line":192,"column":3}},"59":{"start":{"line":190,"column":4},"end":{"line":190,"column":77}},"60":{"start":{"line":191,"column":4},"end":{"line":191,"column":69}},"61":{"start":{"line":194,"column":2},"end":{"line":194,"column":33}},"62":{"start":{"line":195,"column":2},"end":{"line":195,"column":20}},"63":{"start":{"line":214,"column":0},"end":{"line":220,"column":3}},"64":{"start":{"line":214,"column":70},"end":{"line":220,"column":2}},"65":{"start":{"line":215,"column":18},"end":{"line":215,"column":55}},"66":{"start":{"line":216,"column":2},"end":{"line":216,"column":76}},"67":{"start":{"line":216,"column":16},"end":{"line":216,"column":76}},"68":{"start":{"line":218,"column":2},"end":{"line":218,"column":26}},"69":{"start":{"line":219,"column":2},"end":{"line":219,"column":43}},"70":{"start":{"line":223,"column":0},"end":{"line":223,"column":33}},"71":{"start":{"line":226,"column":0},"end":{"line":228,"column":3}},"72":{"start":{"line":226,"column":71},"end":{"line":228,"column":2}},"73":{"start":{"line":227,"column":2},"end":{"line":227,"column":36}},"74":{"start":{"line":230,"column":0},"end":{"line":238,"column":2}},"75":{"start":{"line":234,"column":23},"end":{"line":237,"column":null}},"76":{"start":{"line":235,"column":22},"end":{"line":235,"column":52}},"77":{"start":{"line":236,"column":6},"end":{"line":236,"column":24}},"78":{"start":{"line":404,"column":0},"end":{"line":407,"column":3}},"79":{"start":{"line":405,"column":2},"end":{"line":405,"column":46}},"80":{"start":{"line":406,"column":2},"end":{"line":406,"column":59}},"81":{"start":{"line":409,"column":15},"end":{"line":411,"column":2}},"82":{"start":{"line":410,"column":2},"end":{"line":410,"column":56}},"83":{"start":{"line":413,"column":14},"end":{"line":413,"column":20}}},"fnMap":{"0":{"name":"(anonymous_8)","decl":{"start":{"line":34,"column":4},"end":{"line":34,"column":5}},"loc":{"start":{"line":34,"column":17},"end":{"line":37,"column":5}}},"1":{"name":"(anonymous_9)","decl":{"start":{"line":41,"column":8},"end":{"line":41,"column":9}},"loc":{"start":{"line":41,"column":61},"end":{"line":44,"column":1}}},"2":{"name":"(anonymous_10)","decl":{"start":{"line":92,"column":25},"end":{"line":92,"column":32}},"loc":{"start":{"line":92,"column":64},"end":{"line":95,"column":2}}},"3":{"name":"(anonymous_11)","decl":{"start":{"line":92,"column":64},"end":{"line":92,"column":null}},"loc":{"start":{"line":92,"column":64},"end":{"line":95,"column":1}}},"4":{"name":"(anonymous_12)","decl":{"start":{"line":114,"column":29},"end":{"line":114,"column":36}},"loc":{"start":{"line":114,"column":67},"end":{"line":118,"column":2}}},"5":{"name":"(anonymous_13)","decl":{"start":{"line":114,"column":67},"end":{"line":114,"column":null}},"loc":{"start":{"line":114,"column":67},"end":{"line":118,"column":1}}},"6":{"name":"(anonymous_14)","decl":{"start":{"line":141,"column":26},"end":{"line":141,"column":33}},"loc":{"start":{"line":141,"column":64},"end":{"line":154,"column":2}}},"7":{"name":"(anonymous_15)","decl":{"start":{"line":141,"column":64},"end":{"line":141,"column":null}},"loc":{"start":{"line":141,"column":64},"end":{"line":154,"column":1}}},"8":{"name":"(anonymous_16)","decl":{"start":{"line":184,"column":29},"end":{"line":184,"column":36}},"loc":{"start":{"line":184,"column":67},"end":{"line":196,"column":2}}},"9":{"name":"(anonymous_17)","decl":{"start":{"line":184,"column":67},"end":{"line":184,"column":null}},"loc":{"start":{"line":184,"column":67},"end":{"line":196,"column":1}}},"10":{"name":"(anonymous_18)","decl":{"start":{"line":214,"column":32},"end":{"line":214,"column":39}},"loc":{"start":{"line":214,"column":70},"end":{"line":220,"column":2}}},"11":{"name":"(anonymous_19)","decl":{"start":{"line":214,"column":70},"end":{"line":214,"column":null}},"loc":{"start":{"line":214,"column":70},"end":{"line":220,"column":1}}},"12":{"name":"(anonymous_20)","decl":{"start":{"line":226,"column":51},"end":{"line":226,"column":58}},"loc":{"start":{"line":226,"column":71},"end":{"line":228,"column":2}}},"13":{"name":"(anonymous_21)","decl":{"start":{"line":226,"column":71},"end":{"line":226,"column":null}},"loc":{"start":{"line":226,"column":71},"end":{"line":228,"column":1}}},"14":{"name":"(anonymous_22)","decl":{"start":{"line":234,"column":4},"end":{"line":234,"column":11}},"loc":{"start":{"line":234,"column":23},"end":{"line":237,"column":null}}},"15":{"name":"(anonymous_23)","decl":{"start":{"line":234,"column":23},"end":{"line":234,"column":null}},"loc":{"start":{"line":234,"column":23},"end":{"line":237,"column":5}}},"16":{"name":"(anonymous_24)","decl":{"start":{"line":404,"column":8},"end":{"line":404,"column":9}},"loc":{"start":{"line":404,"column":72},"end":{"line":407,"column":1}}},"17":{"name":"(anonymous_25)","decl":{"start":{"line":409,"column":32},"end":{"line":409,"column":35}},"loc":{"start":{"line":409,"column":37},"end":{"line":411,"column":1}}}},"branchMap":{"0":{"loc":{"start":{"line":56,"column":36},"end":{"line":56,"column":60}},"type":"binary-expr","locations":[{"start":{"line":56,"column":36},"end":{"line":56,"column":52}},{"start":{"line":56,"column":56},"end":{"line":56,"column":60}}]},"1":{"loc":{"start":{"line":78,"column":13},"end":{"line":78,"column":45}},"type":"binary-expr","locations":[{"start":{"line":78,"column":13},"end":{"line":78,"column":37}},{"start":{"line":78,"column":41},"end":{"line":78,"column":45}}]},"2":{"loc":{"start":{"line":116,"column":2},"end":{"line":116,"column":76}},"type":"if","locations":[{"start":{"line":116,"column":2},"end":{"line":116,"column":76}},{"start":{},"end":{}}]},"3":{"loc":{"start":{"line":144,"column":4},"end":{"line":147,"column":5}},"type":"if","locations":[{"start":{"line":144,"column":4},"end":{"line":147,"column":5}},{"start":{},"end":{}}]},"4":{"loc":{"start":{"line":186,"column":2},"end":{"line":186,"column":76}},"type":"if","locations":[{"start":{"line":186,"column":2},"end":{"line":186,"column":76}},{"start":{},"end":{}}]},"5":{"loc":{"start":{"line":189,"column":2},"end":{"line":192,"column":3}},"type":"if","locations":[{"start":{"line":189,"column":2},"end":{"line":192,"column":3}},{"start":{},"end":{}}]},"6":{"loc":{"start":{"line":216,"column":2},"end":{"line":216,"column":76}},"type":"if","locations":[{"start":{"line":216,"column":2},"end":{"line":216,"column":76}},{"start":{},"end":{}}]}},"s":{"0":1,"1":1,"2":1,"3":1,"4":1,"5":1,"6":1,"7":1,"8":1,"9":1,"10":1,"11":1,"12":1,"13":1,"14":1,"15":1,"16":1,"17":1,"18":1,"19":1,"20":1,"21":1,"22":0,"23":1,"24":8,"25":8,"26":1,"27":1,"28":1,"29":1,"30":1,"31":1,"32":2,"33":2,"34":2,"35":1,"36":0,"37":0,"38":0,"39":0,"40":0,"41":1,"42":1,"43":1,"44":1,"45":1,"46":1,"47":1,"48":0,"49":0,"50":0,"51":0,"52":1,"53":0,"54":0,"55":0,"56":0,"57":0,"58":0,"59":0,"60":0,"61":0,"62":0,"63":1,"64":0,"65":0,"66":0,"67":0,"68":0,"69":0,"70":1,"71":1,"72":0,"73":0,"74":1,"75":0,"76":0,"77":0,"78":1,"79":0,"80":0,"81":1,"82":1,"83":1},"f":{"0":0,"1":8,"2":2,"3":2,"4":0,"5":0,"6":1,"7":1,"8":0,"9":0,"10":0,"11":0,"12":0,"13":0,"14":0,"15":0,"16":0,"17":1},"b":{"0":[1,0],"1":[1,0],"2":[0,0],"3":[1,0],"4":[0,0],"5":[0,0],"6":[0,0]}}
,"C:\\node-js\\2025-nodejs-pr\\pr-7\\task\\src\\db\\db.ts": {"path":"C:\\node-js\\2025-nodejs-pr\\pr-7\\task\\src\\db\\db.ts","statementMap":{"0":{"start":{"line":1,"column":0},"end":{"line":1,"column":49}},"1":{"start":{"line":2,"column":0},"end":{"line":2,"column":28}},"2":{"start":{"line":4,"column":0},"end":{"line":4,"column":44}},"3":{"start":{"line":5,"column":0},"end":{"line":5,"column":38}},"4":{"start":{"line":6,"column":0},"end":{"line":6,"column":38}},"5":{"start":{"line":7,"column":0},"end":{"line":7,"column":44}},"6":{"start":{"line":8,"column":0},"end":{"line":8,"column":40}},"7":{"start":{"line":10,"column":0},"end":{"line":10,"column":53}},"8":{"start":{"line":12,"column":0},"end":{"line":12,"column":16}},"9":{"start":{"line":14,"column":13},"end":{"line":23,"column":3}},"10":{"start":{"line":25,"column":25},"end":{"line":35,"column":2}},"11":{"start":{"line":25,"column":36},"end":{"line":35,"column":2}},"12":{"start":{"line":26,"column":2},"end":{"line":34,"column":3}},"13":{"start":{"line":27,"column":4},"end":{"line":27,"column":35}},"14":{"start":{"line":28,"column":4},"end":{"line":28,"column":34}},"15":{"start":{"line":30,"column":4},"end":{"line":30,"column":43}},"16":{"start":{"line":31,"column":4},"end":{"line":31,"column":37}},"17":{"start":{"line":33,"column":4},"end":{"line":33,"column":58}},"18":{"start":{"line":25,"column":13},"end":{"line":25,"column":25}}},"fnMap":{"0":{"name":"(anonymous_8)","decl":{"start":{"line":25,"column":25},"end":{"line":25,"column":34}},"loc":{"start":{"line":25,"column":36},"end":{"line":35,"column":2}}},"1":{"name":"(anonymous_9)","decl":{"start":{"line":25,"column":36},"end":{"line":25,"column":null}},"loc":{"start":{"line":25,"column":36},"end":{"line":35,"column":1}}}},"branchMap":{},"s":{"0":1,"1":1,"2":1,"3":1,"4":1,"5":1,"6":1,"7":1,"8":1,"9":1,"10":1,"11":1,"12":1,"13":1,"14":1,"15":1,"16":1,"17":0,"18":1},"f":{"0":1,"1":1},"b":{}}
,"C:\\node-js\\2025-nodejs-pr\\pr-7\\task\\src\\logger\\logger.ts": {"path":"C:\\node-js\\2025-nodejs-pr\\pr-7\\task\\src\\logger\\logger.ts","statementMap":{"0":{"start":{"line":1,"column":0},"end":{"line":1,"column":30}},"1":{"start":{"line":2,"column":0},"end":{"line":2,"column":20}},"2":{"start":{"line":3,"column":0},"end":{"line":3,"column":24}},"3":{"start":{"line":5,"column":15},"end":{"line":5,"column":49}},"4":{"start":{"line":6,"column":0},"end":{"line":8,"column":1}},"5":{"start":{"line":7,"column":2},"end":{"line":7,"column":23}},"6":{"start":{"line":10,"column":49},"end":{"line":10,"column":63}},"7":{"start":{"line":12,"column":18},"end":{"line":14,"column":2}},"8":{"start":{"line":13,"column":2},"end":{"line":13,"column":47}},"9":{"start":{"line":16,"column":19},"end":{"line":18,"column":2}},"10":{"start":{"line":17,"column":2},"end":{"line":17,"column":45}},"11":{"start":{"line":20,"column":15},"end":{"line":20,"column":52}},"12":{"start":{"line":22,"column":19},"end":{"line":36,"column":6}},"13":{"start":{"line":38,"column":13},"end":{"line":42,"column":3}},"14":{"start":{"line":45,"column":23},"end":{"line":45,"column":56}},"15":{"start":{"line":45,"column":40},"end":{"line":45,"column":56}},"16":{"start":{"line":45,"column":13},"end":{"line":45,"column":23}},"17":{"start":{"line":46,"column":24},"end":{"line":46,"column":58}},"18":{"start":{"line":46,"column":41},"end":{"line":46,"column":58}},"19":{"start":{"line":46,"column":13},"end":{"line":46,"column":24}},"20":{"start":{"line":47,"column":24},"end":{"line":47,"column":58}},"21":{"start":{"line":47,"column":41},"end":{"line":47,"column":58}},"22":{"start":{"line":47,"column":13},"end":{"line":47,"column":24}}},"fnMap":{"0":{"name":"(anonymous_1)","decl":{"start":{"line":12,"column":25},"end":{"line":12,"column":26}},"loc":{"start":{"line":12,"column":59},"end":{"line":14,"column":1}}},"1":{"name":"(anonymous_2)","decl":{"start":{"line":16,"column":26},"end":{"line":16,"column":27}},"loc":{"start":{"line":16,"column":60},"end":{"line":18,"column":1}}},"2":{"name":"(anonymous_3)","decl":{"start":{"line":45,"column":23},"end":{"line":45,"column":24}},"loc":{"start":{"line":45,"column":40},"end":{"line":45,"column":56}}},"3":{"name":"(anonymous_4)","decl":{"start":{"line":46,"column":24},"end":{"line":46,"column":25}},"loc":{"start":{"line":46,"column":41},"end":{"line":46,"column":58}}},"4":{"name":"(anonymous_5)","decl":{"start":{"line":47,"column":24},"end":{"line":47,"column":25}},"loc":{"start":{"line":47,"column":41},"end":{"line":47,"column":58}}}},"branchMap":{"0":{"loc":{"start":{"line":6,"column":0},"end":{"line":8,"column":1}},"type":"if","locations":[{"start":{"line":6,"column":0},"end":{"line":8,"column":1}},{"start":{},"end":{}}]},"1":{"loc":{"start":{"line":22,"column":19},"end":{"line":36,"column":6}},"type":"cond-expr","locations":[{"start":{"line":23,"column":6},"end":{"line":31,"column":null}},{"start":{"line":32,"column":6},"end":{"line":36,"column":6}}]}},"s":{"0":1,"1":1,"2":1,"3":1,"4":1,"5":0,"6":1,"7":1,"8":15,"9":1,"10":15,"11":1,"12":1,"13":1,"14":1,"15":11,"16":1,"17":1,"18":4,"19":1,"20":1,"21":0,"22":1},"f":{"0":15,"1":15,"2":11,"3":4,"4":0},"b":{"0":[0,1],"1":[0,1]}}
,"C:\\node-js\\2025-nodejs-pr\\pr-7\\task\\src\\middleware\\authMiddleware.ts": {"path":"C:\\node-js\\2025-nodejs-pr\\pr-7\\task\\src\\middleware\\authMiddleware.ts","statementMap":{"0":{"start":{"line":2,"column":0},"end":{"line":2,"column":31}},"1":{"start":{"line":5,"column":17},"end":{"line":5,"column":42}},"2":{"start":{"line":6,"column":2},"end":{"line":6,"column":66}},"3":{"start":{"line":6,"column":15},"end":{"line":6,"column":66}},"4":{"start":{"line":8,"column":2},"end":{"line":15,"column":3}},"5":{"start":{"line":9,"column":18},"end":{"line":9,"column":38}},"6":{"start":{"line":10,"column":20},"end":{"line":10,"column":62}},"7":{"start":{"line":11,"column":5},"end":{"line":11,"column":32}},"8":{"start":{"line":12,"column":4},"end":{"line":12,"column":11}},"9":{"start":{"line":14,"column":4},"end":{"line":14,"column":53}},"10":{"start":{"line":4,"column":0},"end":{"line":4,"column":16}}},"fnMap":{"0":{"name":"authMiddleware","decl":{"start":{"line":4,"column":16},"end":{"line":4,"column":30}},"loc":{"start":{"line":4,"column":78},"end":{"line":16,"column":1}}}},"branchMap":{"0":{"loc":{"start":{"line":6,"column":2},"end":{"line":6,"column":66}},"type":"if","locations":[{"start":{"line":6,"column":2},"end":{"line":6,"column":66}},{"start":{},"end":{}}]}},"s":{"0":1,"1":0,"2":0,"3":0,"4":0,"5":0,"6":0,"7":0,"8":0,"9":0,"10":1},"f":{"0":0},"b":{"0":[0,0]}}
,"C:\\node-js\\2025-nodejs-pr\\pr-7\\task\\src\\middleware\\roleMiddleware.ts": {"path":"C:\\node-js\\2025-nodejs-pr\\pr-7\\task\\src\\middleware\\roleMiddleware.ts","statementMap":{"0":{"start":{"line":4,"column":2},"end":{"line":10,"column":4}},"1":{"start":{"line":5,"column":18},"end":{"line":5,"column":34}},"2":{"start":{"line":6,"column":4},"end":{"line":8,"column":5}},"3":{"start":{"line":7,"column":6},"end":{"line":7,"column":58}},"4":{"start":{"line":9,"column":4},"end":{"line":9,"column":11}},"5":{"start":{"line":3,"column":0},"end":{"line":3,"column":16}}},"fnMap":{"0":{"name":"roleMiddleware","decl":{"start":{"line":3,"column":16},"end":{"line":3,"column":30}},"loc":{"start":{"line":3,"column":46},"end":{"line":11,"column":1}}},"1":{"name":"(anonymous_1)","decl":{"start":{"line":4,"column":9},"end":{"line":4,"column":10}},"loc":{"start":{"line":4,"column":61},"end":{"line":10,"column":3}}}},"branchMap":{"0":{"loc":{"start":{"line":6,"column":4},"end":{"line":8,"column":5}},"type":"if","locations":[{"start":{"line":6,"column":4},"end":{"line":8,"column":5}},{"start":{},"end":{}}]}},"s":{"0":2,"1":0,"2":0,"3":0,"4":0,"5":1},"f":{"0":2,"1":0},"b":{"0":[0,0]}}
,"C:\\node-js\\2025-nodejs-pr\\pr-7\\task\\src\\models\\Grade.ts": {"path":"C:\\node-js\\2025-nodejs-pr\\pr-7\\task\\src\\models\\Grade.ts","statementMap":{"0":{"start":{"line":1,"column":0},"end":{"line":1,"column":114}},"1":{"start":{"line":2,"column":0},"end":{"line":2,"column":36}},"2":{"start":{"line":3,"column":0},"end":{"line":3,"column":36}},"3":{"start":{"line":6,"column":7},"end":{"line":31,"column":null}},"4":{"start":{"line":6,"column":13},"end":{"line":6,"column":18}},"5":{"start":{"line":10,"column":2},"end":{"line":10,"column":null}},"6":{"start":{"line":14,"column":2},"end":{"line":14,"column":null}},"7":{"start":{"line":12,"column":20},"end":{"line":12,"column":27}},"8":{"start":{"line":18,"column":2},"end":{"line":18,"column":null}},"9":{"start":{"line":16,"column":20},"end":{"line":16,"column":27}},"10":{"start":{"line":21,"column":2},"end":{"line":21,"column":null}},"11":{"start":{"line":24,"column":2},"end":{"line":24,"column":null}},"12":{"start":{"line":27,"column":2},"end":{"line":27,"column":null}},"13":{"start":{"line":26,"column":19},"end":{"line":26,"column":26}},"14":{"start":{"line":30,"column":2},"end":{"line":30,"column":null}},"15":{"start":{"line":29,"column":19},"end":{"line":29,"column":26}},"16":{"start":{"line":6,"column":13},"end":{"line":31,"column":null}}},"fnMap":{"0":{"name":"(anonymous_2)","decl":{"start":{"line":12,"column":14},"end":{"line":12,"column":17}},"loc":{"start":{"line":12,"column":20},"end":{"line":12,"column":27}}},"1":{"name":"(anonymous_3)","decl":{"start":{"line":16,"column":14},"end":{"line":16,"column":17}},"loc":{"start":{"line":16,"column":20},"end":{"line":16,"column":27}}},"2":{"name":"(anonymous_4)","decl":{"start":{"line":26,"column":13},"end":{"line":26,"column":16}},"loc":{"start":{"line":26,"column":19},"end":{"line":26,"column":26}}},"3":{"name":"(anonymous_5)","decl":{"start":{"line":29,"column":13},"end":{"line":29,"column":16}},"loc":{"start":{"line":29,"column":19},"end":{"line":29,"column":26}}}},"branchMap":{},"s":{"0":1,"1":1,"2":1,"3":1,"4":1,"5":1,"6":1,"7":3,"8":1,"9":1,"10":1,"11":1,"12":1,"13":2,"14":1,"15":2,"16":1},"f":{"0":3,"1":1,"2":2,"3":2},"b":{}}
,"C:\\node-js\\2025-nodejs-pr\\pr-7\\task\\src\\models\\Role.ts": {"path":"C:\\node-js\\2025-nodejs-pr\\pr-7\\task\\src\\models\\Role.ts","statementMap":{"0":{"start":{"line":1,"column":0},"end":{"line":1,"column":91}},"1":{"start":{"line":4,"column":7},"end":{"line":12,"column":null}},"2":{"start":{"line":4,"column":13},"end":{"line":4,"column":17}},"3":{"start":{"line":8,"column":2},"end":{"line":8,"column":null}},"4":{"start":{"line":11,"column":2},"end":{"line":11,"column":null}},"5":{"start":{"line":4,"column":13},"end":{"line":12,"column":null}}},"fnMap":{},"branchMap":{},"s":{"0":1,"1":1,"2":1,"3":1,"4":1,"5":1},"f":{},"b":{}}
,"C:\\node-js\\2025-nodejs-pr\\pr-7\\task\\src\\models\\Student.ts": {"path":"C:\\node-js\\2025-nodejs-pr\\pr-7\\task\\src\\models\\Student.ts","statementMap":{"0":{"start":{"line":1,"column":0},"end":{"line":1,"column":91}},"1":{"start":{"line":4,"column":7},"end":{"line":18,"column":null}},"2":{"start":{"line":4,"column":13},"end":{"line":4,"column":20}},"3":{"start":{"line":8,"column":2},"end":{"line":8,"column":null}},"4":{"start":{"line":11,"column":2},"end":{"line":11,"column":null}},"5":{"start":{"line":14,"column":2},"end":{"line":14,"column":null}},"6":{"start":{"line":17,"column":2},"end":{"line":17,"column":null}},"7":{"start":{"line":4,"column":13},"end":{"line":18,"column":null}}},"fnMap":{},"branchMap":{},"s":{"0":1,"1":1,"2":1,"3":1,"4":1,"5":1,"6":1,"7":1},"f":{},"b":{}}
,"C:\\node-js\\2025-nodejs-pr\\pr-7\\task\\src\\models\\Subject.ts": {"path":"C:\\node-js\\2025-nodejs-pr\\pr-7\\task\\src\\models\\Subject.ts","statementMap":{"0":{"start":{"line":1,"column":0},"end":{"line":1,"column":91}},"1":{"start":{"line":4,"column":7},"end":{"line":12,"column":null}},"2":{"start":{"line":4,"column":13},"end":{"line":4,"column":20}},"3":{"start":{"line":8,"column":2},"end":{"line":8,"column":null}},"4":{"start":{"line":11,"column":2},"end":{"line":11,"column":null}},"5":{"start":{"line":4,"column":13},"end":{"line":12,"column":null}}},"fnMap":{},"branchMap":{},"s":{"0":1,"1":1,"2":1,"3":1,"4":1,"5":1},"f":{},"b":{}}
,"C:\\node-js\\2025-nodejs-pr\\pr-7\\task\\src\\models\\User.ts": {"path":"C:\\node-js\\2025-nodejs-pr\\pr-7\\task\\src\\models\\User.ts","statementMap":{"0":{"start":{"line":1,"column":0},"end":{"line":1,"column":114}},"1":{"start":{"line":2,"column":0},"end":{"line":2,"column":30}},"2":{"start":{"line":5,"column":7},"end":{"line":29,"column":null}},"3":{"start":{"line":5,"column":13},"end":{"line":5,"column":17}},"4":{"start":{"line":9,"column":2},"end":{"line":9,"column":null}},"5":{"start":{"line":12,"column":2},"end":{"line":12,"column":null}},"6":{"start":{"line":15,"column":2},"end":{"line":15,"column":null}},"7":{"start":{"line":18,"column":2},"end":{"line":18,"column":null}},"8":{"start":{"line":21,"column":2},"end":{"line":21,"column":null}},"9":{"start":{"line":25,"column":2},"end":{"line":25,"column":null}},"10":{"start":{"line":23,"column":20},"end":{"line":23,"column":24}},"11":{"start":{"line":28,"column":2},"end":{"line":28,"column":null}},"12":{"start":{"line":27,"column":19},"end":{"line":27,"column":23}},"13":{"start":{"line":5,"column":13},"end":{"line":29,"column":null}}},"fnMap":{"0":{"name":"(anonymous_2)","decl":{"start":{"line":23,"column":14},"end":{"line":23,"column":17}},"loc":{"start":{"line":23,"column":20},"end":{"line":23,"column":24}}},"1":{"name":"(anonymous_3)","decl":{"start":{"line":27,"column":13},"end":{"line":27,"column":16}},"loc":{"start":{"line":27,"column":19},"end":{"line":27,"column":23}}}},"branchMap":{},"s":{"0":1,"1":1,"2":1,"3":1,"4":1,"5":1,"6":1,"7":1,"8":1,"9":1,"10":1,"11":1,"12":2,"13":1},"f":{"0":1,"1":2},"b":{}}
,"C:\\node-js\\2025-nodejs-pr\\pr-7\\task\\src\\routes\\authRoutes.ts": {"path":"C:\\node-js\\2025-nodejs-pr\\pr-7\\task\\src\\routes\\authRoutes.ts","statementMap":{"0":{"start":{"line":1,"column":0},"end":{"line":1,"column":33}},"1":{"start":{"line":2,"column":0},"end":{"line":2,"column":38}},"2":{"start":{"line":3,"column":0},"end":{"line":3,"column":28}},"3":{"start":{"line":4,"column":0},"end":{"line":4,"column":56}},"4":{"start":{"line":5,"column":0},"end":{"line":5,"column":74}},"5":{"start":{"line":6,"column":0},"end":{"line":6,"column":38}},"6":{"start":{"line":7,"column":0},"end":{"line":7,"column":53}},"7":{"start":{"line":9,"column":15},"end":{"line":9,"column":23}},"8":{"start":{"line":14,"column":0},"end":{"line":50,"column":3}},"9":{"start":{"line":14,"column":41},"end":{"line":50,"column":2}},"10":{"start":{"line":15,"column":20},"end":{"line":15,"column":50}},"11":{"start":{"line":16,"column":2},"end":{"line":19,"column":3}},"12":{"start":{"line":17,"column":4},"end":{"line":17,"column":68}},"13":{"start":{"line":18,"column":4},"end":{"line":18,"column":69}},"14":{"start":{"line":21,"column":2},"end":{"line":49,"column":3}},"15":{"start":{"line":22,"column":17},"end":{"line":25,"column":6}},"16":{"start":{"line":27,"column":4},"end":{"line":30,"column":5}},"17":{"start":{"line":28,"column":6},"end":{"line":28,"column":47}},"18":{"start":{"line":29,"column":6},"end":{"line":29,"column":68}},"19":{"start":{"line":32,"column":15},"end":{"line":32,"column":69}},"20":{"start":{"line":33,"column":4},"end":{"line":36,"column":5}},"21":{"start":{"line":34,"column":6},"end":{"line":34,"column":47}},"22":{"start":{"line":35,"column":6},"end":{"line":35,"column":68}},"23":{"start":{"line":38,"column":18},"end":{"line":42,"column":6}},"24":{"start":{"line":44,"column":4},"end":{"line":44,"column":45}},"25":{"start":{"line":45,"column":4},"end":{"line":45,"column":24}},"26":{"start":{"line":47,"column":4},"end":{"line":47,"column":44}},"27":{"start":{"line":48,"column":4},"end":{"line":48,"column":61}},"28":{"start":{"line":55,"column":0},"end":{"line":100,"column":3}},"29":{"start":{"line":55,"column":44},"end":{"line":100,"column":2}},"30":{"start":{"line":56,"column":20},"end":{"line":56,"column":53}},"31":{"start":{"line":57,"column":2},"end":{"line":60,"column":3}},"32":{"start":{"line":58,"column":4},"end":{"line":58,"column":71}},"33":{"start":{"line":59,"column":4},"end":{"line":59,"column":69}},"34":{"start":{"line":62,"column":53},"end":{"line":62,"column":61}},"35":{"start":{"line":64,"column":2},"end":{"line":99,"column":3}},"36":{"start":{"line":65,"column":19},"end":{"line":65,"column":76}},"37":{"start":{"line":66,"column":4},"end":{"line":69,"column":5}},"38":{"start":{"line":67,"column":6},"end":{"line":67,"column":57}},"39":{"start":{"line":68,"column":6},"end":{"line":68,"column":69}},"40":{"start":{"line":71,"column":17},"end":{"line":71,"column":54}},"41":{"start":{"line":72,"column":4},"end":{"line":75,"column":5}},"42":{"start":{"line":73,"column":6},"end":{"line":73,"column":60}},"43":{"start":{"line":74,"column":6},"end":{"line":74,"column":63}},"44":{"start":{"line":77,"column":19},"end":{"line":77,"column":50}},"45":{"start":{"line":79,"column":17},"end":{"line":85,"column":6}},"46":{"start":{"line":87,"column":4},"end":{"line":87,"column":64}},"47":{"start":{"line":89,"column":4},"end":{"line":95,"column":7}},"48":{"start":{"line":97,"column":4},"end":{"line":97,"column":47}},"49":{"start":{"line":98,"column":4},"end":{"line":98,"column":61}},"50":{"start":{"line":102,"column":0},"end":{"line":102,"column":22}}},"fnMap":{"0":{"name":"(anonymous_8)","decl":{"start":{"line":14,"column":22},"end":{"line":14,"column":29}},"loc":{"start":{"line":14,"column":41},"end":{"line":50,"column":2}}},"1":{"name":"(anonymous_9)","decl":{"start":{"line":14,"column":41},"end":{"line":14,"column":null}},"loc":{"start":{"line":14,"column":41},"end":{"line":50,"column":1}}},"2":{"name":"(anonymous_10)","decl":{"start":{"line":55,"column":25},"end":{"line":55,"column":32}},"loc":{"start":{"line":55,"column":44},"end":{"line":100,"column":2}}},"3":{"name":"(anonymous_11)","decl":{"start":{"line":55,"column":44},"end":{"line":55,"column":null}},"loc":{"start":{"line":55,"column":44},"end":{"line":100,"column":1}}}},"branchMap":{"0":{"loc":{"start":{"line":16,"column":2},"end":{"line":19,"column":3}},"type":"if","locations":[{"start":{"line":16,"column":2},"end":{"line":19,"column":3}},{"start":{},"end":{}}]},"1":{"loc":{"start":{"line":27,"column":4},"end":{"line":30,"column":5}},"type":"if","locations":[{"start":{"line":27,"column":4},"end":{"line":30,"column":5}},{"start":{},"end":{}}]},"2":{"loc":{"start":{"line":33,"column":4},"end":{"line":36,"column":5}},"type":"if","locations":[{"start":{"line":33,"column":4},"end":{"line":36,"column":5}},{"start":{},"end":{}}]},"3":{"loc":{"start":{"line":40,"column":12},"end":{"line":40,"column":27}},"type":"cond-expr","locations":[{"start":{"line":40,"column":21},"end":{"line":40,"column":23}},{"start":{"line":40,"column":21},"end":{"line":40,"column":27}}]},"4":{"loc":{"start":{"line":40,"column":12},"end":{"line":40,"column":23}},"type":"binary-expr","locations":[{"start":{"line":40,"column":12},"end":{"line":40,"column":23}},{"start":{"line":40,"column":21},"end":{"line":40,"column":23}}]},"5":{"loc":{"start":{"line":57,"column":2},"end":{"line":60,"column":3}},"type":"if","locations":[{"start":{"line":57,"column":2},"end":{"line":60,"column":3}},{"start":{},"end":{}}]},"6":{"loc":{"start":{"line":66,"column":4},"end":{"line":69,"column":5}},"type":"if","locations":[{"start":{"line":66,"column":4},"end":{"line":69,"column":5}},{"start":{},"end":{}}]},"7":{"loc":{"start":{"line":72,"column":4},"end":{"line":75,"column":5}},"type":"if","locations":[{"start":{"line":72,"column":4},"end":{"line":75,"column":5}},{"start":{},"end":{}}]}},"s":{"0":1,"1":1,"2":1,"3":1,"4":1,"5":1,"6":1,"7":1,"8":1,"9":3,"10":3,"11":3,"12":3,"13":3,"14":0,"15":0,"16":0,"17":0,"18":0,"19":0,"20":0,"21":0,"22":0,"23":0,"24":0,"25":0,"26":0,"27":0,"28":1,"29":0,"30":0,"31":0,"32":0,"33":0,"34":0,"35":0,"36":0,"37":0,"38":0,"39":0,"40":0,"41":0,"42":0,"43":0,"44":0,"45":0,"46":0,"47":0,"48":0,"49":0,"50":1},"f":{"0":3,"1":3,"2":0,"3":0},"b":{"0":[3,0],"1":[0,0],"2":[0,0],"3":[0,0],"4":[0,0],"5":[0,0],"6":[0,0],"7":[0,0]}}
,"C:\\node-js\\2025-nodejs-pr\\pr-7\\task\\src\\services\\authService.ts": {"path":"C:\\node-js\\2025-nodejs-pr\\pr-7\\task\\src\\services\\authService.ts","statementMap":{"0":{"start":{"line":1,"column":0},"end":{"line":1,"column":31}},"1":{"start":{"line":2,"column":0},"end":{"line":2,"column":28}},"2":{"start":{"line":4,"column":0},"end":{"line":4,"column":16}},"3":{"start":{"line":6,"column":15},"end":{"line":6,"column":51}},"4":{"start":{"line":9,"column":2},"end":{"line":9,"column":56}},"5":{"start":{"line":8,"column":0},"end":{"line":8,"column":16}},"6":{"start":{"line":13,"column":2},"end":{"line":17,"column":3}},"7":{"start":{"line":14,"column":4},"end":{"line":14,"column":37}},"8":{"start":{"line":16,"column":4},"end":{"line":16,"column":16}},"9":{"start":{"line":12,"column":0},"end":{"line":12,"column":16}}},"fnMap":{"0":{"name":"generateToken","decl":{"start":{"line":8,"column":16},"end":{"line":8,"column":29}},"loc":{"start":{"line":8,"column":45},"end":{"line":10,"column":1}}},"1":{"name":"verifyToken","decl":{"start":{"line":12,"column":16},"end":{"line":12,"column":27}},"loc":{"start":{"line":12,"column":41},"end":{"line":18,"column":1}}}},"branchMap":{"0":{"loc":{"start":{"line":6,"column":15},"end":{"line":6,"column":51}},"type":"binary-expr","locations":[{"start":{"line":6,"column":15},"end":{"line":6,"column":37}},{"start":{"line":6,"column":41},"end":{"line":6,"column":51}}]}},"s":{"0":2,"1":2,"2":2,"3":2,"4":1,"5":2,"6":2,"7":2,"8":1,"9":2},"f":{"0":1,"1":2},"b":{"0":[2,0]}}
,"C:\\node-js\\2025-nodejs-pr\\pr-7\\task\\src\\validators\\authValidator.ts": {"path":"C:\\node-js\\2025-nodejs-pr\\pr-7\\task\\src\\validators\\authValidator.ts","statementMap":{"0":{"start":{"line":1,"column":0},"end":{"line":1,"column":22}},"1":{"start":{"line":3,"column":13},"end":{"line":9,"column":3}},"2":{"start":{"line":11,"column":13},"end":{"line":14,"column":3}}},"fnMap":{},"branchMap":{},"s":{"0":2,"1":2,"2":2},"f":{},"b":{}}
,"C:\\node-js\\2025-nodejs-pr\\pr-7\\task\\src\\validators\\studentValidator.ts": {"path":"C:\\node-js\\2025-nodejs-pr\\pr-7\\task\\src\\validators\\studentValidator.ts","statementMap":{"0":{"start":{"line":1,"column":0},"end":{"line":1,"column":22}},"1":{"start":{"line":4,"column":13},"end":{"line":8,"column":3}}},"fnMap":{},"branchMap":{},"s":{"0":2,"1":2},"f":{},"b":{}}
}
