TN:
SF:src\server.ts
FN:34,(anonymous_8)
FN:41,(anonymous_9)
FN:92,(anonymous_10)
FN:92,(anonymous_11)
FN:114,(anonymous_12)
FN:114,(anonymous_13)
FN:141,(anonymous_14)
FN:141,(anonymous_15)
FN:184,(anonymous_16)
FN:184,(anonymous_17)
FN:214,(anonymous_18)
FN:214,(anonymous_19)
FN:226,(anonymous_20)
FN:226,(anonymous_21)
FN:234,(anonymous_22)
FN:234,(anonymous_23)
FN:404,(anonymous_24)
FN:409,(anonymous_25)
FNF:18
FNH:6
FNDA:0,(anonymous_8)
FNDA:8,(anonymous_9)
FNDA:2,(anonymous_10)
FNDA:2,(anonymous_11)
FNDA:0,(anonymous_12)
FNDA:0,(anonymous_13)
FNDA:1,(anonymous_14)
FNDA:1,(anonymous_15)
FNDA:0,(anonymous_16)
FNDA:0,(anonymous_17)
FNDA:0,(anonymous_18)
FNDA:0,(anonymous_19)
FNDA:0,(anonymous_20)
FNDA:0,(anonymous_21)
FNDA:0,(anonymous_22)
FNDA:0,(anonymous_23)
FNDA:0,(anonymous_24)
FNDA:1,(anonymous_25)
DA:1,1
DA:2,1
DA:3,1
DA:4,1
DA:5,1
DA:6,1
DA:7,1
DA:8,1
DA:9,1
DA:10,1
DA:11,1
DA:12,1
DA:13,1
DA:14,1
DA:17,1
DA:19,1
DA:20,1
DA:21,1
DA:25,1
DA:27,1
DA:30,1
DA:36,0
DA:41,1
DA:42,8
DA:43,8
DA:47,1
DA:75,1
DA:76,1
DA:78,1
DA:81,1
DA:92,2
DA:93,2
DA:94,2
DA:114,1
DA:115,0
DA:116,0
DA:117,0
DA:141,1
DA:142,1
DA:143,1
DA:144,1
DA:145,1
DA:146,1
DA:148,0
DA:149,0
DA:151,0
DA:152,0
DA:184,1
DA:185,0
DA:186,0
DA:188,0
DA:189,0
DA:190,0
DA:191,0
DA:194,0
DA:195,0
DA:214,1
DA:215,0
DA:216,0
DA:218,0
DA:219,0
DA:223,1
DA:226,1
DA:227,0
DA:230,1
DA:234,0
DA:235,0
DA:236,0
DA:404,1
DA:405,0
DA:406,0
DA:409,1
DA:410,1
DA:413,1
LF:74
LH:48
BRDA:56,0,0,1
BRDA:56,0,1,0
BRDA:78,1,0,1
BRDA:78,1,1,0
BRDA:116,2,0,0
BRDA:116,2,1,0
BRDA:144,3,0,1
BRDA:144,3,1,0
BRDA:186,4,0,0
BRDA:186,4,1,0
BRDA:189,5,0,0
BRDA:189,5,1,0
BRDA:216,6,0,0
BRDA:216,6,1,0
BRF:14
BRH:3
end_of_record
TN:
SF:src\db\db.ts
FN:25,(anonymous_8)
FN:25,(anonymous_9)
FNF:2
FNH:2
FNDA:1,(anonymous_8)
FNDA:1,(anonymous_9)
DA:1,1
DA:2,1
DA:4,1
DA:5,1
DA:6,1
DA:7,1
DA:8,1
DA:10,1
DA:12,1
DA:14,1
DA:25,1
DA:26,1
DA:27,1
DA:28,1
DA:30,1
DA:31,1
DA:33,0
LF:17
LH:16
BRF:0
BRH:0
end_of_record
TN:
SF:src\logger\logger.ts
FN:12,(anonymous_1)
FN:16,(anonymous_2)
FN:45,(anonymous_3)
FN:46,(anonymous_4)
FN:47,(anonymous_5)
FNF:5
FNH:4
FNDA:15,(anonymous_1)
FNDA:15,(anonymous_2)
FNDA:11,(anonymous_3)
FNDA:4,(anonymous_4)
FNDA:0,(anonymous_5)
DA:1,1
DA:2,1
DA:3,1
DA:5,1
DA:6,1
DA:7,0
DA:10,1
DA:12,1
DA:13,15
DA:16,1
DA:17,15
DA:20,1
DA:22,1
DA:38,1
DA:45,11
DA:46,4
DA:47,1
LF:17
LH:16
BRDA:6,0,0,0
BRDA:6,0,1,1
BRDA:22,1,0,0
BRDA:22,1,1,1
BRF:4
BRH:2
end_of_record
TN:
SF:src\middleware\authMiddleware.ts
FN:4,authMiddleware
FNF:1
FNH:0
FNDA:0,authMiddleware
DA:2,1
DA:4,1
DA:5,0
DA:6,0
DA:8,0
DA:9,0
DA:10,0
DA:11,0
DA:12,0
DA:14,0
LF:10
LH:2
BRDA:6,0,0,0
BRDA:6,0,1,0
BRF:2
BRH:0
end_of_record
TN:
SF:src\middleware\roleMiddleware.ts
FN:3,roleMiddleware
FN:4,(anonymous_1)
FNF:2
FNH:1
FNDA:2,roleMiddleware
FNDA:0,(anonymous_1)
DA:3,1
DA:4,2
DA:5,0
DA:6,0
DA:7,0
DA:9,0
LF:6
LH:2
BRDA:6,0,0,0
BRDA:6,0,1,0
BRF:2
BRH:0
end_of_record
TN:
SF:src\models\Grade.ts
FN:12,(anonymous_2)
FN:16,(anonymous_3)
FN:26,(anonymous_4)
FN:29,(anonymous_5)
FNF:4
FNH:4
FNDA:3,(anonymous_2)
FNDA:1,(anonymous_3)
FNDA:2,(anonymous_4)
FNDA:2,(anonymous_5)
DA:1,1
DA:2,1
DA:3,1
DA:6,1
DA:10,1
DA:12,3
DA:14,1
DA:16,1
DA:18,1
DA:21,1
DA:24,1
DA:26,2
DA:27,1
DA:29,2
DA:30,1
LF:15
LH:15
BRF:0
BRH:0
end_of_record
TN:
SF:src\models\Role.ts
FNF:0
FNH:0
DA:1,1
DA:4,1
DA:8,1
DA:11,1
LF:4
LH:4
BRF:0
BRH:0
end_of_record
TN:
SF:src\models\Student.ts
FNF:0
FNH:0
DA:1,1
DA:4,1
DA:8,1
DA:11,1
DA:14,1
DA:17,1
LF:6
LH:6
BRF:0
BRH:0
end_of_record
TN:
SF:src\models\Subject.ts
FNF:0
FNH:0
DA:1,1
DA:4,1
DA:8,1
DA:11,1
LF:4
LH:4
BRF:0
BRH:0
end_of_record
TN:
SF:src\models\User.ts
FN:23,(anonymous_2)
FN:27,(anonymous_3)
FNF:2
FNH:2
FNDA:1,(anonymous_2)
FNDA:2,(anonymous_3)
DA:1,1
DA:2,1
DA:5,1
DA:9,1
DA:12,1
DA:15,1
DA:18,1
DA:21,1
DA:23,1
DA:25,1
DA:27,2
DA:28,1
LF:12
LH:12
BRF:0
BRH:0
end_of_record
TN:
SF:src\routes\authRoutes.ts
FN:14,(anonymous_8)
FN:14,(anonymous_9)
FN:55,(anonymous_10)
FN:55,(anonymous_11)
FNF:4
FNH:2
FNDA:3,(anonymous_8)
FNDA:3,(anonymous_9)
FNDA:0,(anonymous_10)
FNDA:0,(anonymous_11)
DA:1,1
DA:2,1
DA:3,1
DA:4,1
DA:5,1
DA:6,1
DA:7,1
DA:9,1
DA:14,3
DA:15,3
DA:16,3
DA:17,3
DA:18,3
DA:21,0
DA:22,0
DA:27,0
DA:28,0
DA:29,0
DA:32,0
DA:33,0
DA:34,0
DA:35,0
DA:38,0
DA:44,0
DA:45,0
DA:47,0
DA:48,0
DA:55,1
DA:56,0
DA:57,0
DA:58,0
DA:59,0
DA:62,0
DA:64,0
DA:65,0
DA:66,0
DA:67,0
DA:68,0
DA:71,0
DA:72,0
DA:73,0
DA:74,0
DA:77,0
DA:79,0
DA:87,0
DA:89,0
DA:97,0
DA:98,0
DA:102,1
LF:49
LH:15
BRDA:16,0,0,3
BRDA:16,0,1,0
BRDA:27,1,0,0
BRDA:27,1,1,0
BRDA:33,2,0,0
BRDA:33,2,1,0
BRDA:40,3,0,0
BRDA:40,3,1,0
BRDA:40,4,0,0
BRDA:40,4,1,0
BRDA:57,5,0,0
BRDA:57,5,1,0
BRDA:66,6,0,0
BRDA:66,6,1,0
BRDA:72,7,0,0
BRDA:72,7,1,0
BRF:16
BRH:1
end_of_record
TN:
SF:src\services\authService.ts
FN:8,generateToken
FN:12,verifyToken
FNF:2
FNH:2
FNDA:1,generateToken
FNDA:2,verifyToken
DA:1,2
DA:2,2
DA:4,2
DA:6,2
DA:8,2
DA:9,1
DA:12,2
DA:13,2
DA:14,2
DA:16,1
LF:10
LH:10
BRDA:6,0,0,2
BRDA:6,0,1,0
BRF:2
BRH:1
end_of_record
TN:
SF:src\validators\authValidator.ts
FNF:0
FNH:0
DA:1,2
DA:3,2
DA:11,2
LF:3
LH:3
BRF:0
BRH:0
end_of_record
TN:
SF:src\validators\studentValidator.ts
FNF:0
FNH:0
DA:1,2
DA:4,2
LF:2
LH:2
BRF:0
BRH:0
end_of_record
